{"level":"INFO","time":"2023-09-30T15:38:15.768+0800","caller":"logger/logger.go:44","msg":"init logger success"}
{"level":"INFO","time":"2023-09-30T15:38:45.673+0800","caller":"logger/logger.go:77","msg":"/tools","status":200,"method":"GET","path":"/tools","query":"","ip":"::1","user-agent":"Mozilla/5.0 (Windows NT 10.0; WOW64) AppleWebKit/537.36 (KHTML, like Gecko) Chrome/92.0.4515.131 Safari/537.36 SLBrowser/8.0.0.12022 SLBChan/103","errors":"","cost":0.0007548}
{"level":"INFO","time":"2023-09-30T15:38:45.900+0800","caller":"logger/logger.go:77","msg":"/favicon.ico","status":200,"method":"GET","path":"/favicon.ico","query":"","ip":"::1","user-agent":"Mozilla/5.0 (Windows NT 10.0; WOW64) AppleWebKit/537.36 (KHTML, like Gecko) Chrome/92.0.4515.131 Safari/537.36 SLBrowser/8.0.0.12022 SLBChan/103","errors":"","cost":0}
{"level":"INFO","time":"2023-09-30T15:38:56.529+0800","caller":"logger/logger.go:77","msg":"/tools/upper/abc","status":200,"method":"GET","path":"/tools/upper/abc","query":"","ip":"::1","user-agent":"Mozilla/5.0 (Windows NT 10.0; WOW64) AppleWebKit/537.36 (KHTML, like Gecko) Chrome/92.0.4515.131 Safari/537.36 SLBrowser/8.0.0.12022 SLBChan/103","errors":"","cost":0}
{"level":"INFO","time":"2023-09-30T15:38:56.629+0800","caller":"logger/logger.go:77","msg":"/favicon.ico","status":200,"method":"GET","path":"/favicon.ico","query":"","ip":"::1","user-agent":"Mozilla/5.0 (Windows NT 10.0; WOW64) AppleWebKit/537.36 (KHTML, like Gecko) Chrome/92.0.4515.131 Safari/537.36 SLBrowser/8.0.0.12022 SLBChan/103","errors":"","cost":0}
{"level":"INFO","time":"2023-09-30T15:41:04.079+0800","caller":"logger/logger.go:77","msg":"/tools/upper/ABCsC","status":200,"method":"GET","path":"/tools/upper/ABCsC","query":"","ip":"::1","user-agent":"Mozilla/5.0 (Windows NT 10.0; WOW64) AppleWebKit/537.36 (KHTML, like Gecko) Chrome/92.0.4515.131 Safari/537.36 SLBrowser/8.0.0.12022 SLBChan/103","errors":"","cost":0}
{"level":"INFO","time":"2023-09-30T15:41:04.168+0800","caller":"logger/logger.go:77","msg":"/favicon.ico","status":200,"method":"GET","path":"/favicon.ico","query":"","ip":"::1","user-agent":"Mozilla/5.0 (Windows NT 10.0; WOW64) AppleWebKit/537.36 (KHTML, like Gecko) Chrome/92.0.4515.131 Safari/537.36 SLBrowser/8.0.0.12022 SLBChan/103","errors":"","cost":0}
{"level":"INFO","time":"2023-09-30T15:41:08.591+0800","caller":"logger/logger.go:77","msg":"/tools/lower/ABCsC","status":200,"method":"GET","path":"/tools/lower/ABCsC","query":"","ip":"::1","user-agent":"Mozilla/5.0 (Windows NT 10.0; WOW64) AppleWebKit/537.36 (KHTML, like Gecko) Chrome/92.0.4515.131 Safari/537.36 SLBrowser/8.0.0.12022 SLBChan/103","errors":"","cost":0}
{"level":"INFO","time":"2023-09-30T15:41:08.708+0800","caller":"logger/logger.go:77","msg":"/favicon.ico","status":200,"method":"GET","path":"/favicon.ico","query":"","ip":"::1","user-agent":"Mozilla/5.0 (Windows NT 10.0; WOW64) AppleWebKit/537.36 (KHTML, like Gecko) Chrome/92.0.4515.131 Safari/537.36 SLBrowser/8.0.0.12022 SLBChan/103","errors":"","cost":0.0007887}
{"level":"INFO","time":"2023-09-30T21:58:38.866+0800","caller":"log/logger.go:43","msg":"init logger success"}
{"level":"INFO","time":"2023-09-30T22:20:49.219+0800","caller":"log/logger.go:43","msg":"init logger success"}
{"level":"INFO","time":"2023-09-30T22:40:40.852+0800","caller":"log/logger.go:43","msg":"init logger success"}
{"level":"INFO","time":"2023-10-04T23:45:30.641+0800","caller":"log/logger.go:43","msg":"init logger success"}
{"level":"INFO","time":"2023-10-04T23:45:53.042+0800","caller":"log/logger.go:76","msg":"/users/","status":200,"method":"GET","path":"/users/","query":"","ip":"::1","user-agent":"Apifox/1.0.0 (https://apifox.com)","errors":"","cost":0}
{"level":"INFO","time":"2023-10-05T04:01:25.277+0800","caller":"log/logger.go:43","msg":"init logger success"}
{"level":"ERROR","time":"2023-10-05T04:01:42.422+0800","caller":"controller/user.go:22","msg":"SignUp with invalid param","error":"两次密码不一致"}
{"level":"INFO","time":"2023-10-05T04:01:42.422+0800","caller":"log/logger.go:76","msg":"/api/v1/users/","status":200,"method":"POST","path":"/api/v1/users/","query":"","ip":"::1","user-agent":"Apifox/1.0.0 (https://apifox.com)","errors":"","cost":0.0005052}
{"level":"INFO","time":"2023-10-05T04:02:40.910+0800","caller":"log/logger.go:43","msg":"init logger success"}
{"level":"ERROR","time":"2023-10-05T04:02:44.321+0800","caller":"controller/user.go:22","msg":"SignUp with invalid param","error":"Key: 'RegisterForm.ConfirmPassword' Error:Field validation for 'ConfirmPassword' failed on the 'required' tag"}
{"level":"INFO","time":"2023-10-05T04:02:44.321+0800","caller":"log/logger.go:76","msg":"/api/v1/users/","status":200,"method":"POST","path":"/api/v1/users/","query":"","ip":"::1","user-agent":"Apifox/1.0.0 (https://apifox.com)","errors":"","cost":0.0007829}
{"level":"INFO","time":"2023-10-05T04:03:26.069+0800","caller":"log/logger.go:43","msg":"init logger success"}
{"level":"INFO","time":"2023-10-05T04:03:28.294+0800","caller":"log/logger.go:76","msg":"/api/v1/users/","status":500,"method":"POST","path":"/api/v1/users/","query":"","ip":"::1","user-agent":"Apifox/1.0.0 (https://apifox.com)","errors":"","cost":0.0019247}
{"level":"INFO","time":"2023-10-05T04:05:09.266+0800","caller":"log/logger.go:43","msg":"init logger success"}
{"level":"INFO","time":"2023-10-05T04:05:12.969+0800","caller":"log/logger.go:76","msg":"/api/v1/users/","status":500,"method":"POST","path":"/api/v1/users/","query":"","ip":"::1","user-agent":"Apifox/1.0.0 (https://apifox.com)","errors":"","cost":0.0026988}
{"level":"INFO","time":"2023-10-05T04:05:18.800+0800","caller":"log/logger.go:76","msg":"/api/v1/users/","status":500,"method":"POST","path":"/api/v1/users/","query":"","ip":"::1","user-agent":"Apifox/1.0.0 (https://apifox.com)","errors":"","cost":0.0019005}
{"level":"INFO","time":"2023-10-05T04:05:56.491+0800","caller":"log/logger.go:76","msg":"/api/v1/users/","status":500,"method":"POST","path":"/api/v1/users/","query":"","ip":"::1","user-agent":"Apifox/1.0.0 (https://apifox.com)","errors":"","cost":21.556175}
{"level":"INFO","time":"2023-10-05T04:06:49.753+0800","caller":"log/logger.go:43","msg":"init logger success"}
{"level":"INFO","time":"2023-10-05T04:07:00.857+0800","caller":"log/logger.go:76","msg":"/api/v1/users/","status":500,"method":"POST","path":"/api/v1/users/","query":"","ip":"::1","user-agent":"Apifox/1.0.0 (https://apifox.com)","errors":"","cost":3.5536535}
{"level":"INFO","time":"2023-10-05T04:09:52.470+0800","caller":"log/logger.go:76","msg":"/api/v1/users/","status":500,"method":"POST","path":"/api/v1/users/","query":"","ip":"::1","user-agent":"Apifox/1.0.0 (https://apifox.com)","errors":"","cost":122.3198209}
{"level":"INFO","time":"2023-10-05T04:09:56.688+0800","caller":"log/logger.go:43","msg":"init logger success"}
{"level":"ERROR","time":"2023-10-05T04:10:13.231+0800","caller":"controller/user.go:37","msg":"logic.signup failed","error":"Error 1264: Out of range value for column 'user_id' at row 1"}
{"level":"INFO","time":"2023-10-05T04:10:13.232+0800","caller":"log/logger.go:76","msg":"/api/v1/users/","status":200,"method":"POST","path":"/api/v1/users/","query":"","ip":"::1","user-agent":"Apifox/1.0.0 (https://apifox.com)","errors":"","cost":5.1374902}
{"level":"ERROR","time":"2023-10-05T04:11:45.857+0800","caller":"controller/user.go:37","msg":"logic.signup failed","error":"Error 1264: Out of range value for column 'user_id' at row 1"}
{"level":"INFO","time":"2023-10-05T04:11:45.857+0800","caller":"log/logger.go:76","msg":"/api/v1/users/","status":200,"method":"POST","path":"/api/v1/users/","query":"","ip":"::1","user-agent":"Apifox/1.0.0 (https://apifox.com)","errors":"","cost":77.3879734}
{"level":"INFO","time":"2023-10-05T04:11:50.641+0800","caller":"log/logger.go:43","msg":"init logger success"}
{"level":"INFO","time":"2023-10-05T04:11:53.011+0800","caller":"log/logger.go:76","msg":"/api/v1/users/","status":200,"method":"POST","path":"/api/v1/users/","query":"","ip":"::1","user-agent":"Apifox/1.0.0 (https://apifox.com)","errors":"","cost":0.0306186}
{"level":"INFO","time":"2023-10-05T04:15:45.887+0800","caller":"log/logger.go:43","msg":"init logger success"}
{"level":"ERROR","time":"2023-10-05T04:15:49.019+0800","caller":"controller/user.go:37","msg":"logic.signup failed","error":"用户已存在"}
{"level":"INFO","time":"2023-10-05T04:15:49.020+0800","caller":"log/logger.go:76","msg":"/api/v1/users/","status":200,"method":"POST","path":"/api/v1/users/","query":"","ip":"::1","user-agent":"Apifox/1.0.0 (https://apifox.com)","errors":"","cost":0.0134293}
{"level":"INFO","time":"2023-10-05T04:16:01.247+0800","caller":"log/logger.go:76","msg":"/api/v1/users/","status":200,"method":"POST","path":"/api/v1/users/","query":"","ip":"::1","user-agent":"Apifox/1.0.0 (https://apifox.com)","errors":"","cost":3.3369445}
{"level":"ERROR","time":"2023-10-05T04:16:53.040+0800","caller":"controller/user.go:37","msg":"logic.signup failed","error":"用户已存在"}
{"level":"INFO","time":"2023-10-05T04:16:53.040+0800","caller":"log/logger.go:76","msg":"/api/v1/users/","status":200,"method":"POST","path":"/api/v1/users/","query":"","ip":"::1","user-agent":"Apifox/1.0.0 (https://apifox.com)","errors":"","cost":0.0063847}
{"level":"INFO","time":"2023-10-05T04:17:20.202+0800","caller":"log/logger.go:76","msg":"/api/v1/users/","status":200,"method":"POST","path":"/api/v1/users/","query":"","ip":"::1","user-agent":"Apifox/1.0.0 (https://apifox.com)","errors":"","cost":2.3665587}
{"level":"INFO","time":"2023-10-05T04:18:08.311+0800","caller":"log/logger.go:76","msg":"/api/v1/users/","status":200,"method":"POST","path":"/api/v1/users/","query":"","ip":"::1","user-agent":"Apifox/1.0.0 (https://apifox.com)","errors":"","cost":0.0256774}
{"level":"INFO","time":"2023-10-05T04:18:32.727+0800","caller":"log/logger.go:76","msg":"/api/v1/users/","status":200,"method":"POST","path":"/api/v1/users/","query":"","ip":"::1","user-agent":"Apifox/1.0.0 (https://apifox.com)","errors":"","cost":0.0412438}
{"level":"INFO","time":"2023-10-05T04:19:04.616+0800","caller":"log/logger.go:76","msg":"/api/v1/users/5","status":200,"method":"GET","path":"/api/v1/users/5","query":"","ip":"::1","user-agent":"Apifox/1.0.0 (https://apifox.com)","errors":"","cost":0}
{"level":"INFO","time":"2023-10-05T04:19:42.310+0800","caller":"log/logger.go:76","msg":"/api/v1/users/5","status":200,"method":"GET","path":"/api/v1/users/5","query":"","ip":"::1","user-agent":"Apifox/1.0.0 (https://apifox.com)","errors":"","cost":17.4202231}
{"level":"INFO","time":"2023-10-05T04:19:47.570+0800","caller":"log/logger.go:43","msg":"init logger success"}
{"level":"INFO","time":"2023-10-05T04:19:57.459+0800","caller":"log/logger.go:76","msg":"/api/v1/users/5","status":200,"method":"GET","path":"/api/v1/users/5","query":"","ip":"::1","user-agent":"Apifox/1.0.0 (https://apifox.com)","errors":"","cost":8.6448495}
{"level":"INFO","time":"2023-10-05T04:23:49.327+0800","caller":"log/logger.go:76","msg":"/api/v1/users/5","status":200,"method":"GET","path":"/api/v1/users/5","query":"","ip":"::1","user-agent":"Apifox/1.0.0 (https://apifox.com)","errors":"","cost":2.0378216}
{"level":"INFO","time":"2023-10-05T04:25:11.245+0800","caller":"log/logger.go:76","msg":"/api/v1/users/5","status":200,"method":"GET","path":"/api/v1/users/5","query":"","ip":"::1","user-agent":"Apifox/1.0.0 (https://apifox.com)","errors":"","cost":0.0055599}
{"level":"INFO","time":"2023-10-05T04:26:42.100+0800","caller":"log/logger.go:76","msg":"/api/v1/users/5","status":200,"method":"GET","path":"/api/v1/users/5","query":"","ip":"::1","user-agent":"Apifox/1.0.0 (https://apifox.com)","errors":"","cost":0.0068774}
{"level":"INFO","time":"2023-10-05T04:27:18.850+0800","caller":"log/logger.go:43","msg":"init logger success"}
{"level":"INFO","time":"2023-10-05T04:27:24.126+0800","caller":"log/logger.go:76","msg":"/api/v1/users/5","status":200,"method":"GET","path":"/api/v1/users/5","query":"","ip":"::1","user-agent":"Apifox/1.0.0 (https://apifox.com)","errors":"","cost":0.0147199}
{"level":"INFO","time":"2023-10-05T04:28:13.039+0800","caller":"log/logger.go:43","msg":"init logger success"}
{"level":"INFO","time":"2023-10-05T04:28:14.070+0800","caller":"log/logger.go:76","msg":"/api/v1/users/5","status":200,"method":"GET","path":"/api/v1/users/5","query":"","ip":"::1","user-agent":"Apifox/1.0.0 (https://apifox.com)","errors":"","cost":0.0060615}
{"level":"INFO","time":"2023-10-05T04:29:34.416+0800","caller":"log/logger.go:43","msg":"init logger success"}
{"level":"INFO","time":"2023-10-05T04:29:50.862+0800","caller":"log/logger.go:43","msg":"init logger success"}
{"level":"INFO","time":"2023-10-05T04:30:09.224+0800","caller":"log/logger.go:43","msg":"init logger success"}
{"level":"ERROR","time":"2023-10-05T04:30:10.463+0800","caller":"controller/user.go:64","msg":"logic.getUser failed","error":"sql: Scan error on column index 3, name \"is_admin\": sql/driver: couldn't convert <nil> (<nil>) into type bool"}
{"level":"INFO","time":"2023-10-05T04:30:10.463+0800","caller":"log/logger.go:76","msg":"/api/v1/users/5","status":200,"method":"GET","path":"/api/v1/users/5","query":"","ip":"::1","user-agent":"Apifox/1.0.0 (https://apifox.com)","errors":"","cost":0.008205}
{"level":"INFO","time":"2023-10-05T04:31:20.431+0800","caller":"log/logger.go:76","msg":"/api/v1/users/","status":200,"method":"POST","path":"/api/v1/users/","query":"","ip":"::1","user-agent":"Apifox/1.0.0 (https://apifox.com)","errors":"","cost":0.0258826}
{"level":"ERROR","time":"2023-10-05T04:31:33.554+0800","caller":"controller/user.go:64","msg":"logic.getUser failed","error":"sql: no rows in result set"}
{"level":"INFO","time":"2023-10-05T04:31:33.554+0800","caller":"log/logger.go:76","msg":"/api/v1/users/5","status":200,"method":"GET","path":"/api/v1/users/5","query":"","ip":"::1","user-agent":"Apifox/1.0.0 (https://apifox.com)","errors":"","cost":0.006791}
{"level":"INFO","time":"2023-10-05T04:31:59.782+0800","caller":"log/logger.go:76","msg":"/api/v1/users/6","status":200,"method":"GET","path":"/api/v1/users/6","query":"","ip":"::1","user-agent":"Apifox/1.0.0 (https://apifox.com)","errors":"","cost":0.0071018}
{"level":"INFO","time":"2023-10-05T04:38:53.713+0800","caller":"log/logger.go:43","msg":"init logger success"}
{"level":"INFO","time":"2023-10-05T04:39:03.519+0800","caller":"log/logger.go:76","msg":"/api/v1/users/6","status":200,"method":"GET","path":"/api/v1/users/6","query":"","ip":"::1","user-agent":"Apifox/1.0.0 (https://apifox.com)","errors":"","cost":0.0160317}
{"level":"INFO","time":"2023-10-05T04:39:14.157+0800","caller":"log/logger.go:76","msg":"/api/v1/users/","status":200,"method":"GET","path":"/api/v1/users/","query":"","ip":"::1","user-agent":"Apifox/1.0.0 (https://apifox.com)","errors":"","cost":0.0037339}
{"level":"INFO","time":"2023-10-05T04:41:04.054+0800","caller":"log/logger.go:76","msg":"/api/v1/users/","status":200,"method":"GET","path":"/api/v1/users/","query":"","ip":"::1","user-agent":"Apifox/1.0.0 (https://apifox.com)","errors":"","cost":0.0060126}
{"level":"INFO","time":"2023-10-05T04:44:40.733+0800","caller":"log/logger.go:43","msg":"init logger success"}
{"level":"INFO","time":"2023-10-05T04:44:46.688+0800","caller":"log/logger.go:76","msg":"/api/v1/users/","status":200,"method":"GET","path":"/api/v1/users/","query":"","ip":"::1","user-agent":"Apifox/1.0.0 (https://apifox.com)","errors":"","cost":0.0036478}
{"level":"INFO","time":"2023-10-05T04:44:52.396+0800","caller":"log/logger.go:76","msg":"/api/v1/users/6","status":200,"method":"GET","path":"/api/v1/users/6","query":"","ip":"::1","user-agent":"Apifox/1.0.0 (https://apifox.com)","errors":"","cost":0.0093123}
{"level":"ERROR","time":"2023-10-05T04:44:54.968+0800","caller":"controller/user.go:37","msg":"logic.signup failed","error":"用户已存在"}
{"level":"INFO","time":"2023-10-05T04:44:54.968+0800","caller":"log/logger.go:76","msg":"/api/v1/users/","status":200,"method":"POST","path":"/api/v1/users/","query":"","ip":"::1","user-agent":"Apifox/1.0.0 (https://apifox.com)","errors":"","cost":0.0067371}
{"level":"INFO","time":"2023-10-05T04:55:57.563+0800","caller":"log/logger.go:76","msg":"/api/v1/users/","status":200,"method":"GET","path":"/api/v1/users/","query":"","ip":"10.29.25.40","user-agent":"Apifox/1.0.0 (https://apifox.com)","errors":"","cost":0.0200627}
{"level":"INFO","time":"2023-10-05T04:56:01.832+0800","caller":"log/logger.go:76","msg":"/api/v1/users/6","status":200,"method":"GET","path":"/api/v1/users/6","query":"","ip":"10.29.25.40","user-agent":"Apifox/1.0.0 (https://apifox.com)","errors":"","cost":0.0061231}
{"level":"ERROR","time":"2023-10-05T04:56:04.185+0800","caller":"controller/user.go:37","msg":"logic.signup failed","error":"用户已存在"}
{"level":"INFO","time":"2023-10-05T04:56:04.185+0800","caller":"log/logger.go:76","msg":"/api/v1/users/","status":200,"method":"POST","path":"/api/v1/users/","query":"","ip":"10.29.25.40","user-agent":"Apifox/1.0.0 (https://apifox.com)","errors":"","cost":0.0063508}
{"level":"INFO","time":"2023-10-05T04:56:08.561+0800","caller":"log/logger.go:76","msg":"/api/v1/users/6","status":200,"method":"GET","path":"/api/v1/users/6","query":"","ip":"10.29.25.40","user-agent":"Apifox/1.0.0 (https://apifox.com)","errors":"","cost":0.0052022}
{"level":"INFO","time":"2023-10-05T15:49:35.901+0800","caller":"log/logger.go:76","msg":"/api/v1/users/6","status":200,"method":"GET","path":"/api/v1/users/6","query":"","ip":"10.29.25.40","user-agent":"Apifox/1.0.0 (https://apifox.com)","errors":"","cost":0.0873178}
{"level":"INFO","time":"2023-11-03T15:14:52.953+0800","caller":"log/logger.go:43","msg":"init logger success"}
{"level":"INFO","time":"2023-11-03T15:16:51.919+0800","caller":"log/logger.go:43","msg":"init logger success"}
{"level":"INFO","time":"2023-11-03T15:18:28.885+0800","caller":"log/logger.go:76","msg":"/api/v1/login/ping","status":200,"method":"GET","path":"/api/v1/login/ping","query":"","ip":"10.112.152.155","user-agent":"Apifox/1.0.0 (https://apifox.com)","errors":"","cost":0}
{"level":"INFO","time":"2023-11-03T15:19:01.997+0800","caller":"log/logger.go:43","msg":"init logger success"}
{"level":"INFO","time":"2023-11-03T15:19:16.916+0800","caller":"log/logger.go:76","msg":"/api/v1/login/ping","status":200,"method":"GET","path":"/api/v1/login/ping","query":"","ip":"10.112.152.155","user-agent":"Apifox/1.0.0 (https://apifox.com)","errors":"","cost":0}
{"level":"INFO","time":"2023-11-03T15:21:00.861+0800","caller":"log/logger.go:43","msg":"init logger success"}
{"level":"INFO","time":"2023-11-03T15:21:14.063+0800","caller":"log/logger.go:76","msg":"/api/v1/login/ping","status":200,"method":"GET","path":"/api/v1/login/ping","query":"","ip":"10.112.152.155","user-agent":"Apifox/1.0.0 (https://apifox.com)","errors":"","cost":0.0005051}
{"level":"INFO","time":"2023-11-03T21:44:10.547+0800","caller":"log/logger.go:76","msg":"/api/v1/login/ping","status":200,"method":"GET","path":"/api/v1/login/ping","query":"","ip":"2001:da8:215:6a01::725:952b","user-agent":"Apifox/1.0.0 (https://apifox.com)","errors":"","cost":0}
{"level":"INFO","time":"2023-11-03T21:44:32.105+0800","caller":"log/logger.go:43","msg":"init logger success"}
{"level":"INFO","time":"2023-11-03T21:44:43.757+0800","caller":"log/logger.go:76","msg":"/api/v1/login/ping","status":200,"method":"GET","path":"/api/v1/login/ping","query":"","ip":"2001:da8:215:6a01::725:952b","user-agent":"Apifox/1.0.0 (https://apifox.com)","errors":"","cost":0.0005084}
{"level":"INFO","time":"2023-11-03T21:46:43.431+0800","caller":"log/logger.go:43","msg":"init logger success"}
{"level":"INFO","time":"2023-11-03T21:46:56.342+0800","caller":"log/logger.go:76","msg":"/api/v1/login/ping","status":200,"method":"GET","path":"/api/v1/login/ping","query":"","ip":"2001:da8:215:6a01::725:952b","user-agent":"Apifox/1.0.0 (https://apifox.com)","errors":"","cost":3.6426333}
{"level":"INFO","time":"2023-11-03T21:47:55.913+0800","caller":"log/logger.go:76","msg":"/api/v1/users/","status":200,"method":"POST","path":"/api/v1/users/","query":"","ip":"2001:da8:215:6a01::725:952b","user-agent":"Apifox/1.0.0 (https://apifox.com)","errors":"","cost":0.0245899}
{"level":"INFO","time":"2023-11-03T21:48:08.038+0800","caller":"log/logger.go:76","msg":"/api/v1/login","status":200,"method":"POST","path":"/api/v1/login","query":"","ip":"2001:da8:215:6a01::725:952b","user-agent":"Apifox/1.0.0 (https://apifox.com)","errors":"","cost":0}
{"level":"INFO","time":"2023-11-03T21:49:06.970+0800","caller":"log/logger.go:43","msg":"init logger success"}
{"level":"INFO","time":"2023-11-03T21:49:12.208+0800","caller":"log/logger.go:76","msg":"/api/v1/login/","status":200,"method":"POST","path":"/api/v1/login/","query":"","ip":"2001:da8:215:6a01::725:952b","user-agent":"Apifox/1.0.0 (https://apifox.com)","errors":"","cost":0.0058762}
{"level":"INFO","time":"2023-11-03T21:50:39.657+0800","caller":"log/logger.go:76","msg":"/api/v1/login/ping","status":200,"method":"GET","path":"/api/v1/login/ping","query":"","ip":"2001:da8:215:6a01::725:952b","user-agent":"Apifox/1.0.0 (https://apifox.com)","errors":"","cost":11.6904902}
